Info: Start Nativelink Simulation process

========= EDA Simulation Settings =====================

Sim Mode              :  Gate
Family                :  cycloneive
Quartus root          :  c:/altera/13.0sp1/quartus/bin/
Quartus sim root      :  c:/altera/13.0sp1/quartus/eda/sim_lib
Simulation Tool       :  modelsim-altera
Simulation Language   :  verilog
Simulation Mode       :  GUI
Sim Output File       :  SHA256.vo
Sim SDF file          :  SHA256__verilog.sdo
Sim dir               :  simulation\modelsim

=======================================================

Info: Starting NativeLink simulation with ModelSim-Altera software
Sourced NativeLink script c:/altera/13.0sp1/quartus/common/tcl/internal/nativelink/modelsim.tcl
Warning: File SHA256_run_msim_gate_verilog.do already exists - backing up current file as SHA256_run_msim_gate_verilog.do.bak11
Probing transcript
ModelSim-Altera Info: # Reading C:/altera/13.0sp1/modelsim_ase/tcl/vsim/pref.tcl 
ModelSim-Altera Info: # ERROR: No extended dataflow license exists
ModelSim-Altera Info: # do SHA256_run_msim_gate_verilog.do 
ModelSim-Altera Info: # if {[file exists gate_work]} {
ModelSim-Altera Info: # 	vdel -lib gate_work -all
ModelSim-Altera Info: # }
ModelSim-Altera Info: # vlib gate_work
ModelSim-Altera Info: # vmap work gate_work
ModelSim-Altera Info: # Copying C:\altera\13.0sp1\modelsim_ase\win32aloem/../modelsim.ini to modelsim.ini
ModelSim-Altera Info: # Modifying modelsim.ini
ModelSim-Altera Warning: # ** Warning: Copied C:\altera\13.0sp1\modelsim_ase\win32aloem/../modelsim.ini to modelsim.ini.
ModelSim-Altera Info: #          Updated modelsim.ini.
ModelSim-Altera Info: # 
ModelSim-Altera Info: # vlog -vlog01compat -work work +incdir+. {SHA256.vo}
ModelSim-Altera Info: # Model Technology ModelSim ALTERA vlog 10.1d Compiler 2012.11 Nov  2 2012
ModelSim-Altera Info: # -- Compiling module SHA256
ModelSim-Altera Info: # 
ModelSim-Altera Info: # Top level modules:
ModelSim-Altera Info: # 	SHA256
ModelSim-Altera Info: # 
ModelSim-Altera Info: # vlog -vlog01compat -work work +incdir+D:/DOC/SHA-256 {D:/DOC/SHA-256/tb_sha256.v}
ModelSim-Altera Info: # Model Technology ModelSim ALTERA vlog 10.1d Compiler 2012.11 Nov  2 2012
ModelSim-Altera Info: # -- Compiling module tb_sha256
ModelSim-Altera Info: # 
ModelSim-Altera Info: # Top level modules:
ModelSim-Altera Info: # 	tb_sha256
ModelSim-Altera Info: # 
ModelSim-Altera Info: # vsim -t 1ps +transport_int_delays +transport_path_delays -L altera_ver -L cycloneive_ver -L gate_work -L work -voptargs="+acc"  tb_sha256
ModelSim-Altera Info: # vsim +transport_int_delays +transport_path_delays -L altera_ver -L cycloneive_ver -L gate_work -L work -voptargs=\"+acc\" -t 1ps tb_sha256 
ModelSim-Altera Info: # Loading work.tb_sha256
ModelSim-Altera Info: # Loading work.SHA256
ModelSim-Altera Info: # Loading altera_ver.dffeas
ModelSim-Altera Info: # Loading cycloneive_ver.cycloneive_lcell_comb
ModelSim-Altera Info: # Loading cycloneive_ver.cycloneive_io_ibuf
ModelSim-Altera Info: # Loading cycloneive_ver.cycloneive_clkctrl
ModelSim-Altera Info: # Loading cycloneive_ver.cycloneive_mux41
ModelSim-Altera Info: # Loading cycloneive_ver.cycloneive_ena_reg
ModelSim-Altera Info: # Loading cycloneive_ver.cycloneive_io_obuf
ModelSim-Altera Info: # SDF 10.1d Compiler 2012.11 Nov  2 2012
ModelSim-Altera Info: # 
ModelSim-Altera Info: # Loading instances from SHA256_v.sdo
ModelSim-Altera Info: # Loading altera_ver.PRIM_GDFF_LOW
ModelSim-Altera Warning: # ** Warning: Design size of 2 instances exceeds ModelSim ALTERA recommended capacity.
ModelSim-Altera Info: # This may because you are loading cell libraries which are not recommended with
ModelSim-Altera Info: # the ModelSim Altera version. Expect performance to be adversely affected.
ModelSim-Altera Info: # Loading timing data from SHA256_v.sdo
ModelSim-Altera Info: # ** Note: (vsim-3587) SDF Backannotation Successfully Completed.
ModelSim-Altera Info: #    Time: 0 ps  Iteration: 0  Instance: /tb_sha256 File: D:/DOC/SHA-256/tb_sha256.v
ModelSim-Altera Info: # 
ModelSim-Altera Info: # add wave *
ModelSim-Altera Warning: # ** Warning: (vsim-WLF-5000) WLF file currently in use: vsim.wlf
ModelSim-Altera Info: # 
ModelSim-Altera Info: #           File in use by: LENOVO  Hostname: LENOVO  ProcessID: 9152
ModelSim-Altera Info: # 
ModelSim-Altera Info: #           Attempting to use alternate WLF file "./wlftw3qw6k".
ModelSim-Altera Warning: # ** Warning: (vsim-WLF-5001) Could not open WLF file: vsim.wlf
ModelSim-Altera Info: # 
ModelSim-Altera Info: #           Using alternate file: ./wlftw3qw6k
ModelSim-Altera Info: # 
ModelSim-Altera Info: # view structure
ModelSim-Altera Info: # .main_pane.structure.interior.cs.body.struct
ModelSim-Altera Info: # view signals
ModelSim-Altera Info: # .main_pane.objects.interior.cs.body.tree
ModelSim-Altera Info: # run -all
ModelSim-Altera Info: #    -- Testbench for sha256 started --
ModelSim-Altera Info: # Use 88.34 MHz clock
ModelSim-Altera Info: # *** Toggle reset.
ModelSim-Altera Info: # *** Testcases for sha256 functionality started.
ModelSim-Altera Info: # *** TC0 - Double block test started.
ModelSim-Altera Info: # TC0 first block: OK.
ModelSim-Altera Info: # TC0 final block: OK.
ModelSim-Altera Info: # *** TC0 - Double block test done.
ModelSim-Altera Info: # 
ModelSim-Altera Info: # *** TC1 - Single block test started.
ModelSim-Altera Info: # TC1: OK.
ModelSim-Altera Info: # *** TC1 - Single block test done.
ModelSim-Altera Info: # 
ModelSim-Altera Info: # *** TC2 - Double block test started.
ModelSim-Altera Info: # TC2 first block: OK.
ModelSim-Altera Info: # TC2 final block: OK.
ModelSim-Altera Info: # *** TC2 - Double block test done.
ModelSim-Altera Info: # 
ModelSim-Altera Info: # *** TC3 - Single block test started.
ModelSim-Altera Info: # TC3: OK.
ModelSim-Altera Info: # *** TC3 - Single block test done.
ModelSim-Altera Info: # 
ModelSim-Altera Info: # *** TC4 - Single block test started.
ModelSim-Altera Info: # TC4: OK.
ModelSim-Altera Info: # *** TC4 - Single block test done.
ModelSim-Altera Info: # 
ModelSim-Altera Info: # *** Testcases for sha256 functionality completed.
ModelSim-Altera Info: # Running test for 9 block issue.
ModelSim-Altera Info: # Break key hit 
ModelSim-Altera Info: # Simulation stop requested.
Info: NativeLink simulation flow was successful
